<?xml version="1.0" encoding="UTF-8"?>
<!-- Generated by org.testng.reporters.JUnitReportReporter -->
<testsuite hostname="Azmat-PC" failures="0" tests="3" name="AzmatAli.AliAzmat.Api" time="0.004" errors="0" timestamp="2021-01-08T21:58:25 IST" skipped="0">
  <testcase classname="AzmatAli.AliAzmat.Api" name="azz" time="0.001"/>
  <system-out/>
  <testcase classname="AzmatAli.AliAzmat.Api" name="ApiT" time="0.001"/>
  <system-out/>
  <testcase classname="AzmatAli.AliAzmat.Api" name="Appi" time="0.002"/>
  <system-out/>
</testsuite> <!-- AzmatAli.AliAzmat.Api -->
