<?xml version="1.0" encoding="UTF-8"?>
<!-- Generated by org.testng.reporters.JUnitReportReporter -->
<testsuite hostname="Azmat-PC" failures="0" tests="2" name="AzmatAli.AliAzmat.Appium" time="0.004" errors="0" timestamp="2021-01-08T21:58:25 IST" skipped="0">
  <testcase classname="AzmatAli.AliAzmat.Appium" name="Appi" time="0.002"/>
  <system-out/>
  <testcase classname="AzmatAli.AliAzmat.Appium" name="Apim" time="0.002"/>
  <system-out/>
</testsuite> <!-- AzmatAli.AliAzmat.Appium -->
