<?xml version="1.0" encoding="UTF-8"?>
<!-- Generated by org.testng.reporters.JUnitReportReporter -->
<testsuite hostname="Azmat-PC" failures="0" tests="2" name="AzmatAli.AliAzmat.Selnium1" time="0.013" errors="0" timestamp="2021-01-08T21:58:25 IST" skipped="0">
  <testcase classname="AzmatAli.AliAzmat.Selnium1" name="sel2" time="0.002"/>
  <system-out/>
  <testcase classname="AzmatAli.AliAzmat.Selnium1" name="sel" time="0.011"/>
  <system-out/>
</testsuite> <!-- AzmatAli.AliAzmat.Selnium1 -->
