<?xml version="1.0" encoding="UTF-8"?>
<!-- Generated by org.testng.reporters.JUnitReportReporter -->
<testsuite skipped="0" hostname="Azmat-PC" name="AzmatAli.AliAzmat.ApiTest" tests="3" failures="0" timestamp="2021-01-11T19:01:47 IST" time="0.005" errors="0">
  <testcase name="Appi" time="0.000" classname="AzmatAli.AliAzmat.ApiTest"/>
  <system-out/>
  <testcase name="azz" time="0.000" classname="AzmatAli.AliAzmat.ApiTest"/>
  <system-out/>
  <testcase name="ApiT" time="0.005" classname="AzmatAli.AliAzmat.ApiTest"/>
  <system-out/>
</testsuite> <!-- AzmatAli.AliAzmat.ApiTest -->
