<?xml version="1.0" encoding="UTF-8"?>
<!-- Generated by org.testng.reporters.JUnitReportReporter -->
<testsuite skipped="0" hostname="Azmat-PC" name="AzmatAli.AliAzmat.AppiumTest" tests="2" failures="0" timestamp="2021-01-11T19:01:47 IST" time="0.010" errors="0">
  <testcase name="Apim" time="0.010" classname="AzmatAli.AliAzmat.AppiumTest"/>
  <system-out/>
  <testcase name="Appi" time="0.000" classname="AzmatAli.AliAzmat.AppiumTest"/>
  <system-out/>
</testsuite> <!-- AzmatAli.AliAzmat.AppiumTest -->
