<?xml version="1.0" encoding="UTF-8"?>
<!-- Generated by org.testng.reporters.JUnitReportReporter -->
<testsuite skipped="0" hostname="Azmat-PC" name="AzmatAli.AliAzmat.Selnium1Test" tests="2" failures="0" timestamp="2021-01-11T19:01:47 IST" time="0.000" errors="0">
  <testcase name="sel" time="0.000" classname="AzmatAli.AliAzmat.Selnium1Test"/>
  <system-out/>
  <testcase name="sel2" time="0.000" classname="AzmatAli.AliAzmat.Selnium1Test"/>
  <system-out/>
</testsuite> <!-- AzmatAli.AliAzmat.Selnium1Test -->
